<?xml version="1.0" encoding="UTF-8"?>
<!-- Generated by org.testng.reporters.JUnitXMLReporter -->
<testsuite ignored="0" hostname="IN-PG02NME2" failures="0" tests="5" name="Test" time="65.484" errors="0" timestamp="2023-10-04T12:51:52 IST">
  <testcase classname="tests.LoginTests" name="verifyLoginWithInvalidCredentials" time="2.206"/>
  <testcase classname="tests.LoginTests" name="verifyLoginWithInvalidUsernameAndValidPassword" time="2.212"/>
  <testcase classname="tests.LoginTests" name="verifyLoginWithValidCredentials" time="2.996"/>
  <testcase classname="tests.LoginTests" name="verifyLoginWithValidUsernameAndInvalidPassword" time="2.881"/>
  <testcase classname="tests.LogoutTests" name="verifyLogout" time="4.77"/>
</testsuite> <!-- Test -->
