<?xml version="1.0" encoding="UTF-8"?>
<testng-results ignored="0" total="5" passed="5" failed="0" skipped="0">
  <reporter-output>
  </reporter-output>
  <suite started-at="2023-10-04T12:50:46 IST" name="Suite" finished-at="2023-10-04T12:51:52 IST" duration-ms="65484">
    <groups>
    </groups>
    <test started-at="2023-10-04T12:50:46 IST" name="Test" finished-at="2023-10-04T12:51:52 IST" duration-ms="65484">
      <class name="tests.LoginTests">
        <test-method is-config="true" signature="setup()[pri:0, instance:tests.LoginTests@3b6ddd1d]" started-at="2023-10-04T12:50:46 IST" name="setup" finished-at="2023-10-04T12:50:56 IST" duration-ms="9888" status="PASS">
          <reporter-output>
          </reporter-output>
        </test-method> <!-- setup -->
        <test-method signature="verifyLoginWithInvalidCredentials()[pri:0, instance:tests.LoginTests@3b6ddd1d]" started-at="2023-10-04T12:50:56 IST" name="verifyLoginWithInvalidCredentials" finished-at="2023-10-04T12:50:58 IST" duration-ms="2206" status="PASS">
          <reporter-output>
          </reporter-output>
        </test-method> <!-- verifyLoginWithInvalidCredentials -->
        <test-method is-config="true" signature="closeDown()[pri:0, instance:tests.LoginTests@3b6ddd1d]" started-at="2023-10-04T12:50:58 IST" name="closeDown" finished-at="2023-10-04T12:50:59 IST" duration-ms="269" status="PASS">
          <reporter-output>
          </reporter-output>
        </test-method> <!-- closeDown -->
        <test-method is-config="true" signature="setup()[pri:0, instance:tests.LoginTests@3b6ddd1d]" started-at="2023-10-04T12:50:59 IST" name="setup" finished-at="2023-10-04T12:51:08 IST" duration-ms="9489" status="PASS">
          <reporter-output>
          </reporter-output>
        </test-method> <!-- setup -->
        <test-method signature="verifyLoginWithInvalidUsernameAndValidPassword()[pri:0, instance:tests.LoginTests@3b6ddd1d]" started-at="2023-10-04T12:51:08 IST" name="verifyLoginWithInvalidUsernameAndValidPassword" finished-at="2023-10-04T12:51:10 IST" duration-ms="2212" status="PASS">
          <reporter-output>
          </reporter-output>
        </test-method> <!-- verifyLoginWithInvalidUsernameAndValidPassword -->
        <test-method is-config="true" signature="closeDown()[pri:0, instance:tests.LoginTests@3b6ddd1d]" started-at="2023-10-04T12:51:10 IST" name="closeDown" finished-at="2023-10-04T12:51:11 IST" duration-ms="253" status="PASS">
          <reporter-output>
          </reporter-output>
        </test-method> <!-- closeDown -->
        <test-method is-config="true" signature="setup()[pri:0, instance:tests.LoginTests@3b6ddd1d]" started-at="2023-10-04T12:51:11 IST" name="setup" finished-at="2023-10-04T12:51:22 IST" duration-ms="11236" status="PASS">
          <reporter-output>
          </reporter-output>
        </test-method> <!-- setup -->
        <test-method signature="verifyLoginWithValidCredentials()[pri:0, instance:tests.LoginTests@3b6ddd1d]" started-at="2023-10-04T12:51:22 IST" name="verifyLoginWithValidCredentials" finished-at="2023-10-04T12:51:25 IST" duration-ms="2996" status="PASS">
          <reporter-output>
          </reporter-output>
        </test-method> <!-- verifyLoginWithValidCredentials -->
        <test-method is-config="true" signature="closeDown()[pri:0, instance:tests.LoginTests@3b6ddd1d]" started-at="2023-10-04T12:51:25 IST" name="closeDown" finished-at="2023-10-04T12:51:25 IST" duration-ms="255" status="PASS">
          <reporter-output>
          </reporter-output>
        </test-method> <!-- closeDown -->
        <test-method is-config="true" signature="setup()[pri:0, instance:tests.LoginTests@3b6ddd1d]" started-at="2023-10-04T12:51:25 IST" name="setup" finished-at="2023-10-04T12:51:34 IST" duration-ms="9317" status="PASS">
          <reporter-output>
          </reporter-output>
        </test-method> <!-- setup -->
        <test-method signature="verifyLoginWithValidUsernameAndInvalidPassword()[pri:0, instance:tests.LoginTests@3b6ddd1d]" started-at="2023-10-04T12:51:34 IST" name="verifyLoginWithValidUsernameAndInvalidPassword" finished-at="2023-10-04T12:51:37 IST" duration-ms="2881" status="PASS">
          <reporter-output>
          </reporter-output>
        </test-method> <!-- verifyLoginWithValidUsernameAndInvalidPassword -->
        <test-method is-config="true" signature="closeDown()[pri:0, instance:tests.LoginTests@3b6ddd1d]" started-at="2023-10-04T12:51:37 IST" name="closeDown" finished-at="2023-10-04T12:51:38 IST" duration-ms="269" status="PASS">
          <reporter-output>
          </reporter-output>
        </test-method> <!-- closeDown -->
      </class> <!-- tests.LoginTests -->
      <class name="tests.LogoutTests">
        <test-method is-config="true" signature="setup()[pri:0, instance:tests.LogoutTests@21282ed8]" started-at="2023-10-04T12:51:38 IST" name="setup" finished-at="2023-10-04T12:51:47 IST" duration-ms="9136" status="PASS">
          <reporter-output>
          </reporter-output>
        </test-method> <!-- setup -->
        <test-method signature="verifyLogout()[pri:0, instance:tests.LogoutTests@21282ed8]" started-at="2023-10-04T12:51:47 IST" name="verifyLogout" finished-at="2023-10-04T12:51:51 IST" duration-ms="4770" status="PASS">
          <reporter-output>
          </reporter-output>
        </test-method> <!-- verifyLogout -->
        <test-method is-config="true" signature="closeDown()[pri:0, instance:tests.LogoutTests@21282ed8]" started-at="2023-10-04T12:51:51 IST" name="closeDown" finished-at="2023-10-04T12:51:52 IST" duration-ms="268" status="PASS">
          <reporter-output>
          </reporter-output>
        </test-method> <!-- closeDown -->
      </class> <!-- tests.LogoutTests -->
    </test> <!-- Test -->
  </suite> <!-- Suite -->
</testng-results>
